e:\uad\5to\graficas\chemonky\example\example\debug\framework.pdb
e:\uad\5to\graficas\chemonky\example\example\debug\framework.idb
e:\uad\5to\graficas\chemonky\example\example\debug\cbmpcharge.obj
e:\uad\5to\graficas\chemonky\example\example\debug\cmatrix4d.obj
e:\uad\5to\graficas\chemonky\example\example\debug\cobject3d.obj
e:\uad\5to\graficas\chemonky\example\example\debug\cvector4d.obj
e:\uad\5to\graficas\chemonky\example\example\debug\cerdogl.obj
e:\uad\5to\graficas\chemonky\example\example\debug\core.obj
e:\uad\5to\graficas\chemonky\example\example\debug\cubegl.obj
e:\uad\5to\graficas\chemonky\example\example\debug\d3dxdriver.obj
e:\uad\5to\graficas\chemonky\example\example\debug\gldriver.obj
e:\uad\5to\graficas\chemonky\example\example\debug\inputmanager.obj
e:\uad\5to\graficas\chemonky\example\example\debug\primitiveinstance.obj
e:\uad\5to\graficas\chemonky\example\example\debug\primitivemanager.obj
e:\uad\5to\graficas\chemonky\example\example\debug\sprite.obj
e:\uad\5to\graficas\chemonky\example\example\debug\texture.obj
e:\uad\5to\graficas\chemonky\example\example\debug\textured3d.obj
e:\uad\5to\graficas\chemonky\example\example\debug\texturegl.obj
e:\uad\5to\graficas\chemonky\example\example\debug\timer.obj
e:\uad\5to\graficas\chemonky\example\example\debug\trianglegl.obj
e:\uad\5to\graficas\chemonky\example\example\debug\utilsgl.obj
e:\uad\5to\graficas\chemonky\example\example\debug\win32framework.obj
e:\uad\5to\graficas\chemonky\example\debug\framework.lib
e:\uad\5to\graficas\chemonky\example\example\debug\cobject3d.obj.enc
e:\uad\5to\graficas\chemonky\example\debug\framework.pdb
e:\uad\5to\graficas\chemonky\example\example\debug\framework.tlog\cl.command.1.tlog
e:\uad\5to\graficas\chemonky\example\example\debug\framework.tlog\cl.read.1.tlog
e:\uad\5to\graficas\chemonky\example\example\debug\framework.tlog\cl.write.1.tlog
e:\uad\5to\graficas\chemonky\example\example\debug\framework.tlog\lib-link.read.1.tlog
e:\uad\5to\graficas\chemonky\example\example\debug\framework.tlog\lib-link.write.1.tlog
e:\uad\5to\graficas\chemonky\example\example\debug\framework.tlog\lib.command.1.tlog
